[New LWP 63279]
[Thread debugging using libthread_db enabled]
Using host libthread_db library "/lib/x86_64-linux-gnu/libthread_db.so.1".
0x00007fa06e3fe42f in __GI___wait4 (pid=63361, stat_loc=stat_loc@entry=0x7fff0536fe38, options=options@entry=0, usage=usage@entry=0x0) at ../sysdeps/unix/sysv/linux/wait4.c:30
30	../sysdeps/unix/sysv/linux/wait4.c: No such file or directory.
#0  0x00007fa06e3fe42f in __GI___wait4 (pid=63361, stat_loc=stat_loc@entry=0x7fff0536fe38, options=options@entry=0, usage=usage@entry=0x0) at ../sysdeps/unix/sysv/linux/wait4.c:30
        sc_ret = -512
        sc_cancel_oldtype = 0
        sc_ret = <optimized out>
#1  0x00007fa06e3fe3ab in __GI___waitpid (pid=<optimized out>, stat_loc=stat_loc@entry=0x7fff0536fe38, options=options@entry=0) at ./posix/waitpid.c:38
No locals.
#2  0x00007fa06e364bdb in do_system (line=<optimized out>) at ../sysdeps/posix/system.c:171
        __result = <optimized out>
        _cleanup_start_doit = true
        _buffer = {__routine = 0x7fa06e364c60 <cancel_handler>, __arg = 0x7fff0536fe40, __canceltype = 0, __prev = 0x0}
        _cleanup_routine = 0x7fa06e364c60 <cancel_handler>
        cancel_args = {quit = 0x7fa06e5307a0 <quit>, intr = 0x7fa06e530840 <intr>, pid = 63361}
        status = -1
        ret = 0
        pid = 63361
        sa = {__sigaction_handler = {sa_handler = 0x1, sa_sigaction = 0x1}, sa_mask = {__val = {65536, 0, 0, 0, 0, 549755813888, 0, 549755813888, 0, 551897006080, 0, 18446744073709551615, 0, 18446744073709551615, 0, 18446744073709551615}}, sa_flags = 0, sa_restorer = 0x7fa00000ffffffff}
        omask = {__val = {1024, 93922933993504, 9196350441231745024, 9196350441231745024, 9196350441231745024, 9196350441231745024, 9196350441231745024, 9196350441231745024, 9196350441231745024, 9196350441231745024, 9196350441231745024, 140733280879520, 3690473615187706983, 15964917876728967424, 140733280879520, 2}}
        reset = {__val = {6, 199, 140733280878432, 93922936192076, 140733280878816, 140327020774554, 140733280878832, 140733280878672, 140737415839745, 140733280879520, 140733280879520, 140733280879520, 140733280879520, 140733280879597, 140733280879719, 140733280879520}}
        spawn_attr = {__flags = 12, __pgrp = 0, __sd = {__val = {6, 199, 140733280878432, 93922936192076, 140733280878816, 140327020774554, 140733280878832, 140733280878672, 140737415839745, 140733280879520, 140733280879520, 140733280879520, 140733280879520, 140733280879597, 140733280879719, 140733280879520}}, __ss = {__val = {1024, 93922933993504, 9196350441231745024, 9196350441231745024, 9196350441231745024, 9196350441231745024, 9196350441231745024, 9196350441231745024, 9196350441231745024, 9196350441231745024, 9196350441231745024, 140733280879520, 3690473615187706983, 15964917876728967424, 140733280879520, 2}}, __sp = {sched_priority = 0}, __policy = 0, __pad = {0 <repeats 16 times>}}
#3  0x0000556c232d1e4b in AP_HAL::run_command_on_ownpid(char const*) ()
No symbol table info available.
#4  0x0000556c232d26bc in _sig_segv(int) ()
No symbol table info available.
#5  <signal handler called>
No locals.
#6  0x0000556c23206fd4 in RC_Channel::norm_input() const ()
No symbol table info available.
#7  0x0000556c23113347 in Plane::ekf_check() ()
No symbol table info available.
#8  0x0000556c231df1c6 in AP_Scheduler::run(unsigned int) ()
No symbol table info available.
#9  0x0000556c231dfbad in AP_Scheduler::loop() ()
No symbol table info available.
#10 0x0000556c231e446b in AP_Vehicle::loop() ()
No symbol table info available.
#11 0x0000556c232cb4fc in HAL_SITL::run(int, char* const*, AP_HAL::HAL::Callbacks*) const ()
No symbol table info available.
#12 0x0000556c230fedb4 in main ()
No symbol table info available.

Thread 2 (Thread 0x7fa06e2db640 (LWP 63279) "log_io"):
#0  0x00007fa06e3f97f8 in __GI___clock_nanosleep (clock_id=clock_id@entry=0, flags=flags@entry=0, req=req@entry=0x7fa06e2dac80, rem=rem@entry=0x0) at ../sysdeps/unix/sysv/linux/clock_nanosleep.c:78
        sc_cancel_oldtype = 0
        sc_ret = <optimized out>
        r = <optimized out>
#1  0x00007fa06e3fe677 in __GI___nanosleep (req=req@entry=0x7fa06e2dac80, rem=rem@entry=0x0) at ../sysdeps/unix/sysv/linux/nanosleep.c:25
        ret = <optimized out>
#2  0x00007fa06e42ff2f in usleep (useconds=<optimized out>) at ../sysdeps/posix/usleep.c:31
        ts = {tv_sec = 0, tv_nsec = 1000000}
#3  0x0000556c232cdb1a in HALSITL::SITL_State::wait_clock(unsigned long) ()
No symbol table info available.
#4  0x0000556c232d054d in HALSITL::Scheduler::delay_microseconds(unsigned short) ()
No symbol table info available.
#5  0x0000556c231e9ee4 in AP_Logger::io_thread() ()
No symbol table info available.
#6  0x0000556c231ea18f in void Functor<void>::method_wrapper<AP_Logger, &AP_Logger::io_thread>(void*) ()
No symbol table info available.
#7  0x0000556c232d0214 in HALSITL::Scheduler::thread_create_trampoline(void*) ()
No symbol table info available.
#8  0x00007fa06e3a8ac3 in start_thread (arg=<optimized out>) at ./nptl/pthread_create.c:442
        ret = <optimized out>
        pd = <optimized out>
        out = <optimized out>
        unwind_buf = {cancel_jmp_buf = {{jmp_buf = {140733280881696, -2149445974744281902, 140327019984448, 9, 140327020824528, 140733280882048, 2119926714501516498, 2119926807703276754}, mask_was_saved = 0}}, priv = {pad = {0x0, 0x0, 0x0, 0x0}, data = {prev = 0x0, cleanup = 0x0, canceltype = 0}}}
        not_first_call = <optimized out>
#9  0x00007fa06e43a850 in clone3 () at ../sysdeps/unix/sysv/linux/x86_64/clone3.S:81
No locals.

Thread 1 (Thread 0x7fa06e30f740 (LWP 63273) "arduplane"):
#0  0x00007fa06e3fe42f in __GI___wait4 (pid=63361, stat_loc=stat_loc@entry=0x7fff0536fe38, options=options@entry=0, usage=usage@entry=0x0) at ../sysdeps/unix/sysv/linux/wait4.c:30
        sc_ret = -512
        sc_cancel_oldtype = 0
        sc_ret = <optimized out>
#1  0x00007fa06e3fe3ab in __GI___waitpid (pid=<optimized out>, stat_loc=stat_loc@entry=0x7fff0536fe38, options=options@entry=0) at ./posix/waitpid.c:38
No locals.
#2  0x00007fa06e364bdb in do_system (line=<optimized out>) at ../sysdeps/posix/system.c:171
        __result = <optimized out>
        _cleanup_start_doit = true
        _buffer = {__routine = 0x7fa06e364c60 <cancel_handler>, __arg = 0x7fff0536fe40, __canceltype = 0, __prev = 0x0}
        _cleanup_routine = 0x7fa06e364c60 <cancel_handler>
        cancel_args = {quit = 0x7fa06e5307a0 <quit>, intr = 0x7fa06e530840 <intr>, pid = 63361}
        status = -1
        ret = 0
        pid = 63361
        sa = {__sigaction_handler = {sa_handler = 0x1, sa_sigaction = 0x1}, sa_mask = {__val = {65536, 0, 0, 0, 0, 549755813888, 0, 549755813888, 0, 551897006080, 0, 18446744073709551615, 0, 18446744073709551615, 0, 18446744073709551615}}, sa_flags = 0, sa_restorer = 0x7fa00000ffffffff}
        omask = {__val = {1024, 93922933993504, 9196350441231745024, 9196350441231745024, 9196350441231745024, 9196350441231745024, 9196350441231745024, 9196350441231745024, 9196350441231745024, 9196350441231745024, 9196350441231745024, 140733280879520, 3690473615187706983, 15964917876728967424, 140733280879520, 2}}
        reset = {__val = {6, 199, 140733280878432, 93922936192076, 140733280878816, 140327020774554, 140733280878832, 140733280878672, 140737415839745, 140733280879520, 140733280879520, 140733280879520, 140733280879520, 140733280879597, 140733280879719, 140733280879520}}
        spawn_attr = {__flags = 12, __pgrp = 0, __sd = {__val = {6, 199, 140733280878432, 93922936192076, 140733280878816, 140327020774554, 140733280878832, 140733280878672, 140737415839745, 140733280879520, 140733280879520, 140733280879520, 140733280879520, 140733280879597, 140733280879719, 140733280879520}}, __ss = {__val = {1024, 93922933993504, 9196350441231745024, 9196350441231745024, 9196350441231745024, 9196350441231745024, 9196350441231745024, 9196350441231745024, 9196350441231745024, 9196350441231745024, 9196350441231745024, 140733280879520, 3690473615187706983, 15964917876728967424, 140733280879520, 2}}, __sp = {sched_priority = 0}, __policy = 0, __pad = {0 <repeats 16 times>}}
#3  0x0000556c232d1e4b in AP_HAL::run_command_on_ownpid(char const*) ()
No symbol table info available.
#4  0x0000556c232d26bc in _sig_segv(int) ()
No symbol table info available.
#5  <signal handler called>
No locals.
#6  0x0000556c23206fd4 in RC_Channel::norm_input() const ()
No symbol table info available.
#7  0x0000556c23113347 in Plane::ekf_check() ()
No symbol table info available.
#8  0x0000556c231df1c6 in AP_Scheduler::run(unsigned int) ()
No symbol table info available.
#9  0x0000556c231dfbad in AP_Scheduler::loop() ()
No symbol table info available.
#10 0x0000556c231e446b in AP_Vehicle::loop() ()
No symbol table info available.
#11 0x0000556c232cb4fc in HAL_SITL::run(int, char* const*, AP_HAL::HAL::Callbacks*) const ()
No symbol table info available.
#12 0x0000556c230fedb4 in main ()
No symbol table info available.
A debugging session is active.

	Inferior 1 [process 63273] will be detached.

Quit anyway? (y or n) [answered Y; input not from terminal]
[Inferior 1 (process 63273) detached]
